<?xml version="1.0" encoding="UTF-8"?>
<!-- Generated by org.testng.reporters.JUnitXMLReporter -->
<testsuite ignored="1" hostname="DESKTOP-J7CV5QU" failures="1" tests="1" name="Error Validations Test" time="6.97" errors="0" timestamp="2025-11-20T15:47:01 CET">
  <testcase classname="QaAuto.SeleniumFramework.tests.ErrorValidation" name="LoginErrorValidation" time="0.939">
    <failure type="java.lang.AssertionError" message="expected [Incorrect email or password.] but found [Incorrect email or password.!]">
      <![CDATA[java.lang.AssertionError: expected [Incorrect email or password.] but found [Incorrect email or password.!]
at QaAuto.SeleniumFramework.tests.ErrorValidation.LoginErrorValidation(ErrorValidation.java:28)
at java.base/java.util.ArrayList.forEach(ArrayList.java:1597)
... Removed 31 stack frames]]>
    </failure>
  </testcase> <!-- LoginErrorValidation -->
  <testcase classname="QaAuto.SeleniumFramework.tests.ErrorValidation" name="ProductErrorValidation" time="0.0">
    <ignored/>
  </testcase> <!-- ProductErrorValidation -->
</testsuite> <!-- Error Validations Test -->
