<?xml version="1.0" encoding="UTF-8"?>
<!-- Generated by org.testng.reporters.JUnitXMLReporter -->
<testsuite ignored="3" hostname="DESKTOP-J7CV5QU" failures="0" tests="2" name="Submit Order Test" time="18.661" errors="0" timestamp="2025-12-03T10:16:21 CET">
  <testcase classname="QaAuto.SeleniumFramework.tests.SubmitOrderTest" name="submitOrder" time="3.924"/>
  <testcase classname="QaAuto.SeleniumFramework.tests.SubmitOrderTest" name="submitOrder" time="3.875"/>
  <testcase classname="QaAuto.SeleniumFramework.tests.ErrorValidation" name="ProductErrorValidation" time="0.0">
    <ignored/>
  </testcase> <!-- ProductErrorValidation -->
  <testcase classname="QaAuto.SeleniumFramework.tests.ErrorValidation" name="LoginErrorValidation" time="0.0">
    <ignored/>
  </testcase> <!-- LoginErrorValidation -->
  <testcase classname="QaAuto.SeleniumFramework.tests.SubmitOrderTest" name="OrderHistoryTest" time="0.0">
    <ignored/>
  </testcase> <!-- OrderHistoryTest -->
</testsuite> <!-- Submit Order Test -->
