<?xml version="1.0" encoding="UTF-8"?>
<!-- Generated by org.testng.reporters.JUnitXMLReporter -->
<testsuite ignored="0" hostname="DESKTOP-J7CV5QU" failures="0" tests="3" name="Submit Order Test" time="20.688" errors="0" timestamp="2025-11-19T15:03:16 CET">
  <testcase classname="QaAuto.SeleniumFramework.tests.SubmitOrderTest" name="submitOrder" time="3.761"/>
  <testcase classname="QaAuto.SeleniumFramework.tests.SubmitOrderTest" name="submitOrder" time="4.285"/>
  <testcase classname="QaAuto.SeleniumFramework.tests.SubmitOrderTest" name="OrderHistoryTest" time="0.961"/>
</testsuite> <!-- Submit Order Test -->
