<?xml version="1.0" encoding="UTF-8"?>
<!-- Generated by org.testng.reporters.JUnitXMLReporter -->
<testsuite ignored="0" hostname="DESKTOP-J7CV5QU" failures="2" tests="2" name="Test" time="9.251" errors="0" timestamp="2025-11-17T15:20:54 CET">
  <testcase classname="QaAuto.SeleniumFramework.tests.ErrorValidation" name="LoginErrorValidation" time="0.547">
    <failure type="java.lang.AssertionError" message="expected [Incorrect email or password.] but found [Incorrect!@ email or password.]">
      <![CDATA[java.lang.AssertionError: expected [Incorrect email or password.] but found [Incorrect!@ email or password.]
at QaAuto.SeleniumFramework.tests.ErrorValidation.LoginErrorValidation(ErrorValidation.java:22)
at java.base/java.util.ArrayList.forEach(ArrayList.java:1597)
... Removed 31 stack frames]]>
    </failure>
  </testcase> <!-- LoginErrorValidation -->
  <testcase classname="QaAuto.SeleniumFramework.tests.ErrorValidation" name="ProductErrorValidation" time="0.856">
    <failure type="java.lang.NullPointerException" message="Cannot invoke &amp;quot;org.openqa.selenium.WebElement.findElement(org.openqa.selenium.By)&amp;quot; because &amp;quot;prodMatch&amp;quot; is null">
      <![CDATA[java.lang.NullPointerException: Cannot invoke "org.openqa.selenium.WebElement.findElement(org.openqa.selenium.By)" because "prodMatch" is null
at QaAuto.SeleniumFramework.pageobjects.CartCatalogPage.clickOnProduct(CartCatalogPage.java:55)
at QaAuto.SeleniumFramework.tests.ErrorValidation.ProductErrorValidation(ErrorValidation.java:31)
at java.base/java.util.ArrayList.forEach(ArrayList.java:1597)
... Removed 25 stack frames]]>
    </failure>
  </testcase> <!-- ProductErrorValidation -->
</testsuite> <!-- Test -->
