<?xml version="1.0" encoding="UTF-8"?>
<!-- Generated by org.testng.reporters.JUnitXMLReporter -->
<testsuite ignored="0" hostname="DESKTOP-J7CV5QU" failures="1" tests="4" name="Error Validations Test" time="22.17" errors="0" timestamp="2025-12-03T10:17:43 CET">
  <testcase classname="QaAuto.SeleniumFramework.tests.ErrorValidation" name="LoginErrorValidation" time="0.586">
    <skipped/>
  </testcase> <!-- LoginErrorValidation -->
  <testcase classname="QaAuto.SeleniumFramework.tests.ErrorValidation" name="LoginErrorValidation" time="0.595">
    <skipped/>
  </testcase> <!-- LoginErrorValidation -->
  <testcase classname="QaAuto.SeleniumFramework.tests.ErrorValidation" name="LoginErrorValidation" time="0.627">
    <failure type="java.lang.AssertionError" message="expected [Incorrect email or password.] but found [Incorrect email or password.!]">
      <![CDATA[java.lang.AssertionError: expected [Incorrect email or password.] but found [Incorrect email or password.!]
at QaAuto.SeleniumFramework.tests.ErrorValidation.LoginErrorValidation(ErrorValidation.java:27)
at java.base/java.util.ArrayList.forEach(ArrayList.java:1596)
... Removed 35 stack frames]]>
    </failure>
  </testcase> <!-- LoginErrorValidation -->
  <testcase classname="QaAuto.SeleniumFramework.tests.ErrorValidation" name="ProductErrorValidation" time="2.901"/>
</testsuite> <!-- Error Validations Test -->
