<?xml version="1.0" encoding="UTF-8"?>
<!-- Generated by org.testng.reporters.JUnitXMLReporter -->
<testsuite ignored="0" hostname="DESKTOP-J7CV5QU" failures="0" tests="3" name="Submit Order Test" time="23.693" errors="0" timestamp="2025-12-03T10:17:21 CET">
  <testcase classname="QaAuto.SeleniumFramework.tests.SubmitOrderTest" name="submitOrder" time="4.047"/>
  <testcase classname="QaAuto.SeleniumFramework.tests.SubmitOrderTest" name="submitOrder" time="3.945"/>
  <testcase classname="QaAuto.SeleniumFramework.tests.SubmitOrderTest" name="OrderHistoryTest" time="1.128"/>
</testsuite> <!-- Submit Order Test -->
