<?xml version="1.0" encoding="UTF-8"?>
<testng-results ignored="3" total="5" passed="2" failed="0" skipped="0">
  <reporter-output>
  </reporter-output>
  <suite started-at="2025-12-03T10:16:02 CET" name="Suite Error Validation" finished-at="2025-12-03T10:16:21 CET" duration-ms="18661">
    <groups>
      <group name="Purchase">
        <method signature="SubmitOrderTest.submitOrder(java.util.HashMap)[pri:0, instance:QaAuto.SeleniumFramework.tests.SubmitOrderTest@5e17553a]" name="submitOrder" class="QaAuto.SeleniumFramework.tests.SubmitOrderTest"/>
      </group> <!-- Purchase -->
    </groups>
    <test started-at="2025-12-03T10:16:02 CET" name="Submit Order Test" finished-at="2025-12-03T10:16:21 CET" duration-ms="18661">
      <class name="QaAuto.SeleniumFramework.tests.SubmitOrderTest">
        <test-method is-config="true" signature="launchApplication()[pri:0, instance:QaAuto.SeleniumFramework.tests.SubmitOrderTest@5e17553a]" started-at="2025-12-03T10:16:02 CET" name="launchApplication" finished-at="2025-12-03T10:16:09 CET" duration-ms="6366" status="PASS">
          <reporter-output>
          </reporter-output>
        </test-method> <!-- launchApplication -->
        <test-method signature="submitOrder(java.util.HashMap)[pri:0, instance:QaAuto.SeleniumFramework.tests.SubmitOrderTest@5e17553a]" started-at="2025-12-03T10:16:09 CET" name="submitOrder" data-provider="getData" finished-at="2025-12-03T10:16:13 CET" duration-ms="3924" status="PASS">
          <params>
            <param index="0">
              <value>
                <![CDATA[{productname=IPHONE 13 PRO, password=h$bq5ctpmA4w$VE, email=sofiibeloborodtseva@mail.ru}]]>
              </value>
            </param>
          </params>
          <reporter-output>
          </reporter-output>
        </test-method> <!-- submitOrder -->
        <test-method is-config="true" signature="tearDown()[pri:0, instance:QaAuto.SeleniumFramework.tests.SubmitOrderTest@5e17553a]" started-at="2025-12-03T10:16:13 CET" name="tearDown" finished-at="2025-12-03T10:16:13 CET" duration-ms="187" status="PASS">
          <reporter-output>
          </reporter-output>
        </test-method> <!-- tearDown -->
        <test-method is-config="true" signature="launchApplication()[pri:0, instance:QaAuto.SeleniumFramework.tests.SubmitOrderTest@5e17553a]" started-at="2025-12-03T10:16:13 CET" name="launchApplication" finished-at="2025-12-03T10:16:17 CET" duration-ms="3916" status="PASS">
          <reporter-output>
          </reporter-output>
        </test-method> <!-- launchApplication -->
        <test-method signature="submitOrder(java.util.HashMap)[pri:0, instance:QaAuto.SeleniumFramework.tests.SubmitOrderTest@5e17553a]" started-at="2025-12-03T10:16:17 CET" name="submitOrder" data-provider="getData" finished-at="2025-12-03T10:16:21 CET" duration-ms="3875" status="PASS">
          <params>
            <param index="0">
              <value>
                <![CDATA[{productname=ADIDAS ORIGINAL, password=2aHdj#y89nhyDiP, email=sofyabel99@gmail.com}]]>
              </value>
            </param>
          </params>
          <reporter-output>
          </reporter-output>
        </test-method> <!-- submitOrder -->
        <test-method is-config="true" signature="tearDown()[pri:0, instance:QaAuto.SeleniumFramework.tests.SubmitOrderTest@5e17553a]" started-at="2025-12-03T10:16:21 CET" name="tearDown" finished-at="2025-12-03T10:16:21 CET" duration-ms="157" status="PASS">
          <reporter-output>
          </reporter-output>
        </test-method> <!-- tearDown -->
      </class> <!-- QaAuto.SeleniumFramework.tests.SubmitOrderTest -->
    </test> <!-- Submit Order Test -->
  </suite> <!-- Suite Error Validation -->
</testng-results>
