<?xml version="1.0" encoding="UTF-8"?>
<!-- Generated by org.testng.reporters.JUnitReportReporter -->
<testsuite hostname="DESKTOP-J7CV5QU" failures="0" tests="3" name="QaAuto.SeleniumFramework.tests.SubmitOrderTest" time="23.472" errors="0" timestamp="2025-12-03T10:17:43 CET" skipped="0">
  <testcase classname="QaAuto.SeleniumFramework.tests.SubmitOrderTest" name="OrderHistoryTest" time="5.553"/>
  <testcase classname="QaAuto.SeleniumFramework.tests.SubmitOrderTest" name="submitOrder" time="9.650"/>
  <testcase classname="QaAuto.SeleniumFramework.tests.SubmitOrderTest" name="submitOrder" time="8.269"/>
</testsuite> <!-- QaAuto.SeleniumFramework.tests.SubmitOrderTest -->
